# JRE version: OpenJDK Runtime Environment (17.0.9) (build 17.0.9+0--11185874)
# Java VM: OpenJDK 64-Bit Server VM (17.0.9+0--11185874, mixed mode, tiered, compressed oops, compressed class ptrs, g1 gc, windows-amd64)
GC Precious Log:
 CPUs: 8 total, 8 available
 Memory: 6081M
 Large Page Support: Disabled
 NUMA Support: Disabled
 Compressed Oops: Enabled (32-bit)
 Heap Region Size: 1M
 Heap Min Capacity: 8M
 Heap Initial Capacity: 96M
 Heap Max Capacity: 2G
 Pre-touch: Disabled
 Parallel Workers: 8
 Concurrent Workers: 2
 Concurrent Refinement Workers: 8
 Periodic GC: Disabled
Heap:
 garbage-first heap   total 386048K, used 124735K [0x0000000080000000, 0x0000000100000000)
  region size 1024K, 12 young (12288K), 12 survivors (12288K)
 Metaspace       used 139071K, committed 141120K, reserved 1179648K
  class space    used 18940K, committed 19904K, reserved 1048576K
GC Heap History (20 events):
Event: 14412.980 GC heap after
{Heap after GC invocations=160 (full 0):
 garbage-first heap   total 539648K, used 144784K [0x0000000080000000, 0x0000000100000000)
  region size 1024K, 2 young (2048K), 2 survivors (2048K)
 Metaspace       used 137969K, committed 140032K, reserved 1179648K
  class space    used 18843K, committed 19840K, reserved 1048576K
}
Event: 14429.821 GC heap before
{Heap before GC invocations=160 (full 0):
 garbage-first heap   total 539648K, used 168336K [0x0000000080000000, 0x0000000100000000)
  region size 1024K, 26 young (26624K), 2 survivors (2048K)
 Metaspace       used 137987K, committed 140096K, reserved 1179648K
  class space    used 18843K, committed 19840K, reserved 1048576K
}
Event: 14429.930 GC heap after
{Heap after GC invocations=161 (full 0):
 garbage-first heap   total 917504K, used 145159K [0x0000000080000000, 0x0000000100000000)
  region size 1024K, 3 young (3072K), 3 survivors (3072K)
 Metaspace       used 137987K, committed 140096K, reserved 1179648K
  class space    used 18843K, committed 19840K, reserved 1048576K
}
Event: 14430.548 GC heap before
{Heap before GC invocations=161 (full 0):
 garbage-first heap   total 917504K, used 187143K [0x0000000080000000, 0x0000000100000000)
  region size 1024K, 44 young (45056K), 3 survivors (3072K)
 Metaspace       used 138013K, committed 140096K, reserved 1179648K
  class space    used 18843K, committed 19840K, reserved 1048576K
}
Event: 14430.624 GC heap after
{Heap after GC invocations=162 (full 0):
 garbage-first heap   total 917504K, used 146933K [0x0000000080000000, 0x0000000100000000)
  region size 1024K, 6 young (6144K), 6 survivors (6144K)
 Metaspace       used 138013K, committed 140096K, reserved 1179648K
  class space    used 18843K, committed 19840K, reserved 1048576K
}
Event: 14431.419 GC heap before
{Heap before GC invocations=162 (full 0):
 garbage-first heap   total 917504K, used 184821K [0x0000000080000000, 0x0000000100000000)
  region size 1024K, 44 young (45056K), 6 survivors (6144K)
 Metaspace       used 138025K, committed 140096K, reserved 1179648K
  class space    used 18843K, committed 19840K, reserved 1048576K
}
Event: 14431.477 GC heap after
{Heap after GC invocations=163 (full 0):
 garbage-first heap   total 917504K, used 145549K [0x0000000080000000, 0x0000000100000000)
  region size 1024K, 3 young (3072K), 3 survivors (3072K)
 Metaspace       used 138025K, committed 140096K, reserved 1179648K
  class space    used 18843K, committed 19840K, reserved 1048576K
}
Event: 14431.544 GC heap before
{Heap before GC invocations=163 (full 0):
 garbage-first heap   total 917504K, used 158861K [0x0000000080000000, 0x0000000100000000)
  region size 1024K, 17 young (17408K), 3 survivors (3072K)
 Metaspace       used 138025K, committed 140096K, reserved 1179648K
  class space    used 18843K, committed 19840K, reserved 1048576K
}
Event: 14431.617 GC heap after
{Heap after GC invocations=164 (full 0):
 garbage-first heap   total 917504K, used 146771K [0x0000000080000000, 0x0000000100000000)
  region size 1024K, 4 young (4096K), 4 survivors (4096K)
 Metaspace       used 138025K, committed 140096K, reserved 1179648K
  class space    used 18843K, committed 19840K, reserved 1048576K
}
Event: 18041.458 GC heap before
{Heap before GC invocations=165 (full 0):
 garbage-first heap   total 628736K, used 257363K [0x0000000080000000, 0x0000000100000000)
  region size 1024K, 93 young (95232K), 4 survivors (4096K)
 Metaspace       used 137765K, committed 140032K, reserved 1179648K
  class space    used 18792K, committed 19840K, reserved 1048576K
}
Event: 18047.946 GC heap after
{Heap after GC invocations=166 (full 1):
 garbage-first heap   total 324608K, used 91714K [0x0000000080000000, 0x0000000100000000)
  region size 1024K, 0 young (0K), 0 survivors (0K)
 Metaspace       used 137726K, committed 140032K, reserved 1179648K
  class space    used 18785K, committed 19840K, reserved 1048576K
}
Event: 18405.017 GC heap before
{Heap before GC invocations=166 (full 1):
 garbage-first heap   total 324608K, used 271938K [0x0000000080000000, 0x0000000100000000)
  region size 1024K, 176 young (180224K), 0 survivors (0K)
 Metaspace       used 138721K, committed 140800K, reserved 1179648K
  class space    used 18911K, committed 19904K, reserved 1048576K
}
Event: 18405.212 GC heap after
{Heap after GC invocations=167 (full 1):
 garbage-first heap   total 324608K, used 110778K [0x0000000080000000, 0x0000000100000000)
  region size 1024K, 19 young (19456K), 19 survivors (19456K)
 Metaspace       used 138721K, committed 140800K, reserved 1179648K
  class space    used 18911K, committed 19904K, reserved 1048576K
}
Event: 18406.967 GC heap before
{Heap before GC invocations=168 (full 1):
 garbage-first heap   total 324608K, used 199866K [0x0000000080000000, 0x0000000100000000)
  region size 1024K, 107 young (109568K), 19 survivors (19456K)
 Metaspace       used 138980K, committed 141120K, reserved 1179648K
  class space    used 18934K, committed 19904K, reserved 1048576K
}
Event: 18407.377 GC heap after
{Heap after GC invocations=169 (full 1):
 garbage-first heap   total 324608K, used 114387K [0x0000000080000000, 0x0000000100000000)
  region size 1024K, 5 young (5120K), 5 survivors (5120K)
 Metaspace       used 138980K, committed 141120K, reserved 1179648K
  class space    used 18934K, committed 19904K, reserved 1048576K
}
Event: 18407.511 GC heap before
{Heap before GC invocations=169 (full 1):
 garbage-first heap   total 324608K, used 147155K [0x0000000080000000, 0x0000000100000000)
  region size 1024K, 37 young (37888K), 5 survivors (5120K)
 Metaspace       used 138983K, committed 141120K, reserved 1179648K
  class space    used 18934K, committed 19904K, reserved 1048576K
}
Event: 18407.611 GC heap after
{Heap after GC invocations=170 (full 1):
 garbage-first heap   total 324608K, used 114701K [0x0000000080000000, 0x0000000100000000)
  region size 1024K, 2 young (2048K), 2 survivors (2048K)
 Metaspace       used 138983K, committed 141120K, reserved 1179648K
  class space    used 18934K, committed 19904K, reserved 1048576K
}
Event: 18410.707 GC heap before
{Heap before GC invocations=171 (full 1):
 garbage-first heap   total 386048K, used 260109K [0x0000000080000000, 0x0000000100000000)
  region size 1024K, 145 young (148480K), 2 survivors (2048K)
 Metaspace       used 139013K, committed 141120K, reserved 1179648K
  class space    used 18936K, committed 19904K, reserved 1048576K
}
Event: 18410.717 GC heap after
{Heap after GC invocations=172 (full 1):
 garbage-first heap   total 386048K, used 119100K [0x0000000080000000, 0x0000000100000000)
  region size 1024K, 6 young (6144K), 6 survivors (6144K)
 Metaspace       used 139013K, committed 141120K, reserved 1179648K
  class space    used 18936K, committed 19904K, reserved 1048576K
}
Event: 18413.088 GC heap before
{Heap before GC invocations=172 (full 1):
 garbage-first heap   total 386048K, used 293180K [0x0000000080000000, 0x0000000100000000)
  region size 1024K, 177 young (181248K), 6 survivors (6144K)
 Metaspace       used 139071K, committed 141120K, reserved 1179648K
  class space    used 18940K, committed 19904K, reserved 1048576K
}

